c:\users\jw956\documents\github\gameengine\lighting\lighting\x64\release\vc142.pdb
c:\users\jw956\documents\github\gameengine\lighting\lighting\x64\release\texture.obj
c:\users\jw956\documents\github\gameengine\lighting\lighting\x64\release\terrain.obj
c:\users\jw956\documents\github\gameengine\lighting\lighting\x64\release\skyboxrenderer.obj
c:\users\jw956\documents\github\gameengine\lighting\lighting\x64\release\shaderutils.obj
c:\users\jw956\documents\github\gameengine\lighting\lighting\x64\release\modelrenderer.obj
c:\users\jw956\documents\github\gameengine\lighting\lighting\x64\release\model.obj
c:\users\jw956\documents\github\gameengine\lighting\lighting\x64\release\main.obj
c:\users\jw956\documents\github\gameengine\lighting\lighting\x64\release\gameengine.obj
c:\users\jw956\documents\github\gameengine\lighting\lighting\x64\release\skydome.obj
c:\users\jw956\documents\github\gameengine\lighting\lighting\x64\release\guirenderer.obj
c:\users\jw956\documents\github\gameengine\lighting\lighting\x64\release\fontrenderer.obj
c:\users\jw956\documents\github\gameengine\lighting\lighting\x64\release\lighting.ipdb
c:\users\jw956\documents\github\gameengine\lighting\lighting\x64\release\lighting.iobj
c:\users\jw956\documents\github\gameengine\lighting\x64\release\lighting.pdb
c:\users\jw956\documents\github\gameengine\lighting\x64\release\lighting.exe
c:\users\jw956\documents\github\gameengine\lighting\lighting\x64\release\lighting.tlog\cl.command.1.tlog
c:\users\jw956\documents\github\gameengine\lighting\lighting\x64\release\lighting.tlog\cl.read.1.tlog
c:\users\jw956\documents\github\gameengine\lighting\lighting\x64\release\lighting.tlog\cl.write.1.tlog
c:\users\jw956\documents\github\gameengine\lighting\lighting\x64\release\lighting.tlog\link.command.1.tlog
c:\users\jw956\documents\github\gameengine\lighting\lighting\x64\release\lighting.tlog\link.read.1.tlog
c:\users\jw956\documents\github\gameengine\lighting\lighting\x64\release\lighting.tlog\link.write.1.tlog
