C:\Program Files (x86)\Microsoft Visual Studio\2019\Community\MSBuild\Microsoft\VC\v160\Microsoft.CppBuild.targets(519,5): warning MSB8028: The intermediate directory (x64\Release\) contains files shared from another project (lighting.vcxproj, ModelTextures.vcxproj).  This can lead to incorrect clean and rebuild behavior.
  GameEngine.cpp
C:\Users\jw956\Documents\GitHub\GameEngine\instancingParticles\instancingParticles\ModelRenderer.h(141,1): warning C4305: 'initializing': truncation from 'double' to 'float'
C:\Users\jw956\Documents\GitHub\GameEngine\instancingParticles\instancingParticles\Camera.h(62,11): warning C4244: 'return': conversion from 'int' to 'float', possible loss of data
C:\Users\jw956\Documents\GitHub\GameEngine\instancingParticles\instancingParticles\Camera.h(66,11): warning C4244: 'return': conversion from 'int' to 'float', possible loss of data
C:\Users\jw956\Documents\GitHub\GameEngine\instancingParticles\instancingParticles\Camera.h(133,16): warning C4244: '=': conversion from 'float' to 'int', possible loss of data
C:\Users\jw956\Documents\GitHub\GameEngine\instancingParticles\instancingParticles\Camera.h(137,16): warning C4244: '=': conversion from 'float' to 'int', possible loss of data
C:\Users\jw956\Documents\GitHub\GameEngine\instancingParticles\instancingParticles\GameEngine.cpp(111,29): warning C4244: 'argument': conversion from 'int' to 'float', possible loss of data
C:\Users\jw956\Documents\GitHub\GameEngine\instancingParticles\instancingParticles\GameEngine.cpp(113,41): warning C4305: 'argument': truncation from 'double' to 'float'
C:\Users\jw956\Documents\GitHub\GameEngine\instancingParticles\instancingParticles\GameEngine.cpp(114,36): warning C4244: 'argument': conversion from 'int' to 'float', possible loss of data
C:\Users\jw956\Documents\GitHub\GameEngine\instancingParticles\instancingParticles\GameEngine.cpp(126,38): warning C4244: 'argument': conversion from 'int' to 'float', possible loss of data
C:\Users\jw956\Documents\GitHub\GameEngine\instancingParticles\instancingParticles\GameEngine.cpp(128,41): warning C4305: 'argument': truncation from 'double' to 'float'
C:\Users\jw956\Documents\GitHub\GameEngine\instancingParticles\instancingParticles\GameEngine.cpp(129,36): warning C4244: 'argument': conversion from 'int' to 'float', possible loss of data
C:\Users\jw956\Documents\GitHub\GameEngine\instancingParticles\instancingParticles\GameEngine.cpp(142,35): warning C4305: 'argument': truncation from 'double' to 'float'
C:\Users\jw956\Documents\GitHub\GameEngine\instancingParticles\instancingParticles\GameEngine.cpp(164,37): warning C4305: 'argument': truncation from 'double' to 'float'
C:\Users\jw956\Documents\GitHub\GameEngine\instancingParticles\instancingParticles\GameEngine.cpp(180,38): warning C4305: 'argument': truncation from 'double' to 'float'
C:\Users\jw956\Documents\GitHub\GameEngine\instancingParticles\instancingParticles\GameEngine.cpp(228,48): warning C4244: 'argument': conversion from 'float' to 'int', possible loss of data
C:\Users\jw956\Documents\GitHub\GameEngine\instancingParticles\instancingParticles\GameEngine.cpp(228,32): warning C4244: 'argument': conversion from 'float' to 'int', possible loss of data
C:\Users\jw956\Documents\GitHub\GameEngine\instancingParticles\instancingParticles\GameEngine.cpp(374,27): warning C4305: '-=': truncation from 'double' to 'float'
C:\Users\jw956\Documents\GitHub\GameEngine\instancingParticles\instancingParticles\GameEngine.cpp(393,27): warning C4305: '+=': truncation from 'double' to 'float'
C:\Users\jw956\Documents\GitHub\GameEngine\instancingParticles\instancingParticles\GameEngine.cpp(395,24): warning C4305: '=': truncation from 'double' to 'float'
C:\Users\jw956\Documents\GitHub\GameEngine\instancingParticles\instancingParticles\GameEngine.cpp(416,21): warning C4244: 'initializing': conversion from 'Uint32' to 'float', possible loss of data
C:\Users\jw956\Documents\GitHub\GameEngine\instancingParticles\instancingParticles\GameEngine.cpp(438,23): warning C4244: 'argument': conversion from 'int' to 'float', possible loss of data
C:\Users\jw956\Documents\GitHub\GameEngine\instancingParticles\instancingParticles\GameEngine.cpp(439,23): warning C4244: 'argument': conversion from 'int' to 'float', possible loss of data
C:\Users\jw956\Documents\GitHub\GameEngine\instancingParticles\instancingParticles\GameEngine.cpp(461,23): warning C4244: 'argument': conversion from 'float' to 'int', possible loss of data
C:\Users\jw956\Documents\GitHub\GameEngine\instancingParticles\instancingParticles\GameEngine.cpp(462,23): warning C4244: 'argument': conversion from 'float' to 'int', possible loss of data
C:\Users\jw956\Documents\GitHub\GameEngine\instancingParticles\instancingParticles\GameEngine.cpp(517,43): warning C4305: 'argument': truncation from 'double' to 'float'
C:\Users\jw956\Documents\GitHub\GameEngine\instancingParticles\instancingParticles\GameEngine.cpp(522,48): warning C4305: 'argument': truncation from 'double' to 'float'
C:\Users\jw956\Documents\GitHub\GameEngine\instancingParticles\instancingParticles\GameEngine.cpp(523,72): warning C4305: 'argument': truncation from 'double' to 'float'
C:\Users\jw956\Documents\GitHub\GameEngine\instancingParticles\instancingParticles\GameEngine.cpp(523,46): warning C4244: 'argument': conversion from 'double' to 'float', possible loss of data
  Generating code
  1 of 594 functions ( 0.2%) were compiled, the rest were copied from previous compilation.
    0 functions were new in current compilation
    1 functions had inline decision re-evaluated but remain unchanged
  Finished generating code
  ModelTextures.vcxproj -> C:\Users\jw956\Documents\GitHub\GameEngine\instancingParticles\x64\Release\instancingParticles.exe
